gyp info it worked if it ends with ok
gyp info using node-gyp@8.2.0
gyp info using node@16.13.0 | darwin | arm64
gyp info find Python using Python version 3.8.9 found at "/Library/Developer/CommandLineTools/usr/bin/python3"
gyp info spawn /Library/Developer/CommandLineTools/usr/bin/python3
gyp info spawn args [
gyp info spawn args   '/Users/jaylee/.nvm/versions/node/v16.13.0/lib/node_modules/npm/node_modules/node-gyp/gyp/gyp_main.py',
gyp info spawn args   'binding.gyp',
gyp info spawn args   '-f',
gyp info spawn args   'make',
gyp info spawn args   '-I',
gyp info spawn args   '/Users/jaylee/Development/code/phase-4/Phase 4 Project/Phase 4 Back End/node_modules/ws/build/config.gypi',
gyp info spawn args   '-I',
gyp info spawn args   '/Users/jaylee/.nvm/versions/node/v16.13.0/lib/node_modules/npm/node_modules/node-gyp/addon.gypi',
gyp info spawn args   '-I',
gyp info spawn args   '/Users/jaylee/Library/Caches/node-gyp/16.13.0/include/node/common.gypi',
gyp info spawn args   '-Dlibrary=shared_library',
gyp info spawn args   '-Dvisibility=default',
gyp info spawn args   '-Dnode_root_dir=/Users/jaylee/Library/Caches/node-gyp/16.13.0',
gyp info spawn args   '-Dnode_gyp_dir=/Users/jaylee/.nvm/versions/node/v16.13.0/lib/node_modules/npm/node_modules/node-gyp',
gyp info spawn args   '-Dnode_lib_file=/Users/jaylee/Library/Caches/node-gyp/16.13.0/<(target_arch)/node.lib',
gyp info spawn args   '-Dmodule_root_dir=/Users/jaylee/Development/code/phase-4/Phase 4 Project/Phase 4 Back End/node_modules/ws',
gyp info spawn args   '-Dnode_engine=v8',
gyp info spawn args   '--depth=.',
gyp info spawn args   '--no-parallel',
gyp info spawn args   '--generator-output',
gyp info spawn args   'build',
gyp info spawn args   '-Goutput_dir=.'
gyp info spawn args ]
gyp info spawn make
gyp info spawn args [ 'BUILDTYPE=Release', '-C', 'build' ]
clang: error: no such file or directory: '4'
clang: error: no such file or directory: 'Project/Phase'
clang: error: no such file or directory: '4'
clang: error: no such file or directory: 'Back'
clang: error: no such file or directory: 'End/node_modules/nan'
make: *** [Release/obj.target/bufferutil/src/bufferutil.o] Error 1
gyp ERR! build error 
gyp ERR! stack Error: `make` failed with exit code: 2
gyp ERR! stack     at ChildProcess.onExit (/Users/jaylee/.nvm/versions/node/v16.13.0/lib/node_modules/npm/node_modules/node-gyp/lib/build.js:194:23)
gyp ERR! stack     at ChildProcess.emit (node:events:390:28)
gyp ERR! stack     at Process.ChildProcess._handle.onexit (node:internal/child_process:290:12)
gyp ERR! System Darwin 21.2.0
gyp ERR! command "/Users/jaylee/.nvm/versions/node/v16.13.0/bin/node" "/Users/jaylee/.nvm/versions/node/v16.13.0/lib/node_modules/npm/node_modules/node-gyp/bin/node-gyp.js" "rebuild"
gyp ERR! cwd /Users/jaylee/Development/code/phase-4/Phase 4 Project/Phase 4 Back End/node_modules/ws
gyp ERR! node -v v16.13.0
gyp ERR! node-gyp -v v8.2.0
gyp ERR! not ok 
